2024-01-04 07:23:37,307 [INFO] Activator:176 - 


2024-01-04 07:23:37,317 [INFO] Activator:177 - !SESSION log4j initialized
2024-01-04 07:23:46,169 [INFO] LogOutputStream:77 - [STDOUT_REDIRECT] 
2024-01-04 07:23:47,957 [INFO] ApplicationProperties:184 - Using Application install path: C:\ST\STM32CubeIDE_1.14.0\STM32CubeIDE\plugins\com.st.stm32cube.common.mx_6.10.0.202311202037
2024-01-04 07:23:47,991 [INFO] DbMcusXml:78 - Set database path to: C:\ST\STM32CubeIDE_1.14.0\STM32CubeIDE\plugins\com.st.stm32cube.common.mx_6.10.0.202311202037\\db\/mcu/
2024-01-04 07:23:47,991 [INFO] ApiDb:274 - Set plugin database path to: C:\ST\STM32CubeIDE_1.14.0\STM32CubeIDE\plugins\com.st.stm32cube.common.mx_6.10.0.202311202037\\db\/plugins/boardmanager/
2024-01-04 07:23:47,992 [WARN] ApiDb:259 - Overriding images path with different value:  => C:\ST\STM32CubeIDE_1.14.0\STM32CubeIDE\plugins\com.st.stm32cube.common.mx_6.10.0.202311202037\\db\/plugins/mcufinder/images/
2024-01-04 07:23:48,008 [INFO] ApiDb:250 - Set database path to: C:\Users\Alfonso\.stmcufinder\plugins\mcufinder//mcu/
2024-01-04 07:23:48,010 [INFO] DbMcusAds:125 - Set database path to: C:\Users\Alfonso\.stmcufinder\plugins\mcufinder//mcu/
2024-01-04 07:23:48,013 [INFO] CrossReferenceDbSqlite:203 - Set database path to: C:\Users\Alfonso\.stmcufinder\plugins\mcufinder//mcu/cs/
2024-01-04 07:23:48,189 [INFO] RulesReader:64 - Compatibility file has been processed (297 Rules)
2024-01-04 07:23:48,290 [INFO] DbMcusXml:78 - Set database path to: C:\ST\STM32CubeIDE_1.14.0\STM32CubeIDE\plugins\com.st.stm32cube.common.mx_6.10.0.202311202037\\db\/mcu/
2024-01-04 07:23:48,290 [INFO] ApiDb:274 - Set plugin database path to: C:\ST\STM32CubeIDE_1.14.0\STM32CubeIDE\plugins\com.st.stm32cube.common.mx_6.10.0.202311202037\\db\/plugins/boardmanager/
2024-01-04 07:23:48,290 [INFO] ApiDb:261 - Set plugin images path to: C:\ST\STM32CubeIDE_1.14.0\STM32CubeIDE\plugins\com.st.stm32cube.common.mx_6.10.0.202311202037\\db\/plugins/mcufinder/images/
2024-01-04 07:23:48,291 [WARN] DbFile:41 - Overriding database path with different value: C:\Users\Alfonso\.stmcufinder\plugins\mcufinder/ => C:\Users\Alfonso\.stmcufinder\plugins\mcufinder
2024-01-04 07:23:48,291 [INFO] ApiDb:250 - Set database path to: C:\Users\Alfonso\.stmcufinder\plugins\mcufinder//mcu/
2024-01-04 07:23:48,291 [WARN] DbFile:41 - Overriding database path with different value: C:\Users\Alfonso\.stmcufinder\plugins\mcufinder/ => C:\Users\Alfonso\.stmcufinder\plugins\mcufinder
2024-01-04 07:23:48,291 [INFO] DbMcusAds:125 - Set database path to: C:\Users\Alfonso\.stmcufinder\plugins\mcufinder//mcu/
2024-01-04 07:23:48,291 [WARN] DbFile:41 - Overriding database path with different value: C:\Users\Alfonso\.stmcufinder\plugins\mcufinder/ => C:\Users\Alfonso\.stmcufinder\plugins\mcufinder
2024-01-04 07:23:48,291 [WARN] DbFile:41 - Overriding database path with different value: C:\Users\Alfonso\.stmcufinder\plugins\mcufinder/ => C:\Users\Alfonso\.stmcufinder\plugins\mcufinder
2024-01-04 07:23:48,291 [INFO] CrossReferenceDbSqlite:203 - Set database path to: C:\Users\Alfonso\.stmcufinder\plugins\mcufinder//mcu/cs/
2024-01-04 07:23:48,393 [INFO] MainPanel:264 - HeapMemory: 268435456
2024-01-04 07:23:48,513 [INFO] DbMcusXml:78 - Set database path to: C:\ST\STM32CubeIDE_1.14.0\STM32CubeIDE\plugins\com.st.stm32cube.common.mx_6.10.0.202311202037\\db\/mcu/
2024-01-04 07:23:48,513 [INFO] ApiDb:274 - Set plugin database path to: C:\ST\STM32CubeIDE_1.14.0\STM32CubeIDE\plugins\com.st.stm32cube.common.mx_6.10.0.202311202037\\db\/plugins/boardmanager/
2024-01-04 07:23:48,513 [INFO] ApiDb:261 - Set plugin images path to: C:\ST\STM32CubeIDE_1.14.0\STM32CubeIDE\plugins\com.st.stm32cube.common.mx_6.10.0.202311202037\\db\/plugins/mcufinder/images/
2024-01-04 07:23:48,514 [WARN] DbFile:41 - Overriding database path with different value: C:\Users\Alfonso\.stmcufinder\plugins\mcufinder/ => C:\Users\Alfonso\.stmcufinder\plugins\mcufinder
2024-01-04 07:23:48,514 [INFO] ApiDb:250 - Set database path to: C:\Users\Alfonso\.stmcufinder\plugins\mcufinder//mcu/
2024-01-04 07:23:48,514 [WARN] DbFile:41 - Overriding database path with different value: C:\Users\Alfonso\.stmcufinder\plugins\mcufinder/ => C:\Users\Alfonso\.stmcufinder\plugins\mcufinder
2024-01-04 07:23:48,514 [INFO] DbMcusAds:125 - Set database path to: C:\Users\Alfonso\.stmcufinder\plugins\mcufinder//mcu/
2024-01-04 07:23:48,514 [WARN] DbFile:41 - Overriding database path with different value: C:\Users\Alfonso\.stmcufinder\plugins\mcufinder/ => C:\Users\Alfonso\.stmcufinder\plugins\mcufinder
2024-01-04 07:23:48,514 [WARN] DbFile:41 - Overriding database path with different value: C:\Users\Alfonso\.stmcufinder\plugins\mcufinder/ => C:\Users\Alfonso\.stmcufinder\plugins\mcufinder
2024-01-04 07:23:48,514 [INFO] CrossReferenceDbSqlite:203 - Set database path to: C:\Users\Alfonso\.stmcufinder\plugins\mcufinder//mcu/cs/
2024-01-04 07:23:48,538 [INFO] ApplicationProperties:184 - Using Application install path: C:\ST\STM32CubeIDE_1.14.0\STM32CubeIDE\plugins\com.st.stm32cube.common.mx_6.10.0.202311202037
2024-01-04 07:23:48,540 [INFO] PluginManage:196 - Search for loadable plugins [exclusion list=, ]
2024-01-04 07:23:48,542 [INFO] PluginManage:310 - Check plugin analytics
2024-01-04 07:23:48,802 [INFO] AnalyticsPlugin:253 - Accepted Software Licenses: 
2024-01-04 07:23:48,802 [INFO] AnalyticsPlugin:255 - Accepted CMSIS Pack Licenses: 
2024-01-04 07:23:48,802 [INFO] AnalyticsPlugin:257 - Accepted Firmware Licenses: 
2024-01-04 07:23:48,806 [INFO] PluginManage:359 - Loaded plugin analytics (category:tool,tabindex:-1)
2024-01-04 07:23:48,807 [INFO] PluginManage:310 - Check plugin cadmodel
2024-01-04 07:23:48,817 [INFO] CADModel:105 - Init CAD model plugin
2024-01-04 07:23:48,818 [INFO] PluginManage:359 - Loaded plugin cadmodel (category:power,tabindex:5)
2024-01-04 07:23:48,818 [INFO] PluginManage:310 - Check plugin clock
2024-01-04 07:23:48,838 [INFO] PluginManage:359 - Loaded plugin clock (category:base,tabindex:2)
2024-01-04 07:23:48,838 [INFO] PluginManage:310 - Check plugin ddr
2024-01-04 07:23:48,842 [INFO] PluginManage:359 - Loaded plugin ddr (category:tool,tabindex:6)
2024-01-04 07:23:48,842 [INFO] PluginManage:310 - Check plugin filemanager
2024-01-04 07:23:49,056 [INFO] PluginManage:359 - Loaded plugin filemanager (category:base,tabindex:10)
2024-01-04 07:23:49,056 [INFO] PluginManage:310 - Check plugin ipmanager
2024-01-04 07:23:49,065 [INFO] PluginManage:359 - Loaded plugin ipmanager (category:base,tabindex:5)
2024-01-04 07:23:49,066 [INFO] PluginManage:310 - Check plugin lpbam
2024-01-04 07:23:49,078 [INFO] PluginManage:359 - Loaded plugin lpbam (category:base,tabindex:0)
2024-01-04 07:23:49,079 [INFO] PluginManage:310 - Check plugin memorymap
2024-01-04 07:23:49,103 [INFO] PluginManage:359 - Loaded plugin memorymap (category:base,tabindex:4)
2024-01-04 07:23:49,104 [INFO] PluginManage:310 - Check plugin pinoutandconfiguration
2024-01-04 07:23:49,119 [INFO] PluginManage:359 - Loaded plugin pinoutandconfiguration (category:base,tabindex:1)
2024-01-04 07:23:49,119 [INFO] PluginManage:310 - Check plugin pinoutconfig
2024-01-04 07:23:49,245 [WARN] SupportedApi:132 - Cannot load RTOS API schema: s4s-elt-must-match.1: The content of 'definitions' must match (annotation?, (simpleType | complexType)?, (unique | key | keyref)*)). A problem was found starting at: attribute.
2024-01-04 07:23:49,472 [INFO] PluginManage:359 - Loaded plugin pinoutconfig (category:base,tabindex:0)
2024-01-04 07:23:49,473 [INFO] PluginManage:310 - Check plugin power
2024-01-04 07:23:49,490 [INFO] PluginManage:359 - Loaded plugin power (category:power,tabindex:4)
2024-01-04 07:23:49,491 [INFO] PluginManage:310 - Check plugin projectmanager
2024-01-04 07:23:49,515 [INFO] PluginManage:359 - Loaded plugin projectmanager (category:projectmanager,tabindex:3)
2024-01-04 07:23:49,516 [INFO] PluginManage:310 - Check plugin thirdparty
2024-01-04 07:23:49,728 [INFO] PluginManage:359 - Loaded plugin thirdparty (category:base,tabindex:-1)
2024-01-04 07:23:49,728 [INFO] PluginManage:310 - Check plugin tools
2024-01-04 07:23:49,728 [WARN] IntegrityCheckThread:84 - waiting for thirdparty lock release [integrity check]
2024-01-04 07:23:49,729 [INFO] IntegrityCheckThread:86 - entering critical section [integrity check]
2024-01-04 07:23:49,730 [INFO] ThirdPartyUpdaterWithRetryManager:70 - Updater plugin not ready yet. [1/15]
2024-01-04 07:23:49,732 [INFO] PluginManage:359 - Loaded plugin tools (category:base,tabindex:7)
2024-01-04 07:23:49,732 [INFO] PluginManage:310 - Check plugin tutovideos
2024-01-04 07:23:50,020 [INFO] PluginManage:359 - Loaded plugin tutovideos (category:base,tabindex:-1)
2024-01-04 07:23:50,021 [INFO] PluginManage:310 - Check plugin updater
2024-01-04 07:23:50,037 [INFO] PluginManage:359 - Loaded plugin updater (category:base,tabindex:12)
2024-01-04 07:23:50,038 [INFO] PluginManage:310 - Check plugin userauth
2024-01-04 07:23:50,045 [INFO] UserAuth:114 - Init User Auth plugin
2024-01-04 07:23:50,045 [INFO] PluginManage:359 - Loaded plugin userauth (category:base,tabindex:14)
2024-01-04 07:23:50,045 [INFO] PluginManage:283 - PluginManage : Loaded plugins [17]
2024-01-04 07:23:50,345 [INFO] PinOutPanel:1499 - setPackage(No Configuration,No Configuration)
2024-01-04 07:23:50,468 [INFO] CADModel:165 - CPN selected for project level
2024-01-04 07:23:50,469 [INFO] CADModel:114 - Register for checkConnection events
2024-01-04 07:23:50,500 [INFO] IPUIPlugin:80 - create IPUIPlugin
2024-01-04 07:23:50,501 [INFO] PluginManager:220 - loadIPPluginJar : add adc
2024-01-04 07:23:50,505 [INFO] IPUIPlugin:80 - create IPUIPlugin
2024-01-04 07:23:50,505 [INFO] PluginManager:220 - loadIPPluginJar : add aes
2024-01-04 07:23:50,510 [INFO] IPUIPlugin:80 - create IPUIPlugin
2024-01-04 07:23:50,510 [INFO] PluginManager:220 - loadIPPluginJar : add can
2024-01-04 07:23:50,513 [INFO] IPUIPlugin:80 - create IPUIPlugin
2024-01-04 07:23:50,513 [INFO] PluginManager:220 - loadIPPluginJar : add comp
2024-01-04 07:23:50,518 [INFO] IPUIPlugin:80 - create IPUIPlugin
2024-01-04 07:23:50,518 [INFO] PluginManager:220 - loadIPPluginJar : add cryp
2024-01-04 07:23:50,522 [INFO] IPUIPlugin:80 - create IPUIPlugin
2024-01-04 07:23:50,522 [INFO] PluginManager:220 - loadIPPluginJar : add dfsdm
2024-01-04 07:23:50,531 [INFO] IPUIPlugin:80 - create IPUIPlugin
2024-01-04 07:23:50,532 [INFO] PluginManager:220 - loadIPPluginJar : add dma
2024-01-04 07:23:50,537 [INFO] IPUIPlugin:80 - create IPUIPlugin
2024-01-04 07:23:50,537 [INFO] PluginManager:220 - loadIPPluginJar : add dma3
2024-01-04 07:23:50,540 [INFO] IPUIPlugin:80 - create IPUIPlugin
2024-01-04 07:23:50,540 [INFO] PluginManager:220 - loadIPPluginJar : add fatfs
2024-01-04 07:23:50,557 [INFO] IPUIPlugin:80 - create IPUIPlugin
2024-01-04 07:23:50,558 [INFO] PluginManager:220 - loadIPPluginJar : add fmc
2024-01-04 07:23:50,568 [INFO] IPUIPlugin:80 - create IPUIPlugin
2024-01-04 07:23:50,568 [INFO] PluginManager:220 - loadIPPluginJar : add freertos
2024-01-04 07:23:50,571 [INFO] IPUIPlugin:80 - create IPUIPlugin
2024-01-04 07:23:50,571 [INFO] PluginManager:220 - loadIPPluginJar : add genericplugin
2024-01-04 07:23:50,583 [INFO] IPUIPlugin:80 - create IPUIPlugin
2024-01-04 07:23:50,586 [INFO] PluginManager:220 - loadIPPluginJar : add gfxmmu
2024-01-04 07:23:50,595 [INFO] IPUIPlugin:80 - create IPUIPlugin
2024-01-04 07:23:50,595 [INFO] PluginManager:220 - loadIPPluginJar : add gic
2024-01-04 07:23:50,601 [INFO] IPUIPlugin:80 - create IPUIPlugin
2024-01-04 07:23:50,602 [INFO] PluginManager:220 - loadIPPluginJar : add gpio
2024-01-04 07:23:50,608 [INFO] IPUIPlugin:80 - create IPUIPlugin
2024-01-04 07:23:50,608 [INFO] PluginManager:220 - loadIPPluginJar : add gtzc
2024-01-04 07:23:50,612 [INFO] IPUIPlugin:80 - create IPUIPlugin
2024-01-04 07:23:50,612 [INFO] PluginManager:220 - loadIPPluginJar : add hash
2024-01-04 07:23:50,616 [INFO] IPUIPlugin:80 - create IPUIPlugin
2024-01-04 07:23:50,616 [INFO] PluginManager:220 - loadIPPluginJar : add i2c
2024-01-04 07:23:50,621 [INFO] IPUIPlugin:80 - create IPUIPlugin
2024-01-04 07:23:50,621 [INFO] PluginManager:220 - loadIPPluginJar : add i2s
2024-01-04 07:23:50,627 [INFO] IPUIPlugin:80 - create IPUIPlugin
2024-01-04 07:23:50,627 [INFO] PluginManager:220 - loadIPPluginJar : add i3c
2024-01-04 07:23:50,635 [INFO] IPUIPlugin:80 - create IPUIPlugin
2024-01-04 07:23:50,635 [INFO] PluginManager:220 - loadIPPluginJar : add ipddr
2024-01-04 07:23:50,664 [INFO] IPUIPlugin:80 - create IPUIPlugin
2024-01-04 07:23:50,664 [INFO] PluginManager:220 - loadIPPluginJar : add linkedlist
2024-01-04 07:23:50,709 [INFO] IPUIPlugin:80 - create IPUIPlugin
2024-01-04 07:23:50,710 [INFO] PluginManager:220 - loadIPPluginJar : add lorawan
2024-01-04 07:23:50,713 [INFO] IPUIPlugin:80 - create IPUIPlugin
2024-01-04 07:23:50,714 [INFO] PluginManager:220 - loadIPPluginJar : add ltdc
2024-01-04 07:23:50,723 [INFO] IPUIPlugin:80 - create IPUIPlugin
2024-01-04 07:23:50,726 [INFO] PluginManager:220 - loadIPPluginJar : add mdma
2024-01-04 07:23:50,754 [INFO] IPUIPlugin:80 - create IPUIPlugin
2024-01-04 07:23:50,755 [INFO] PluginManager:220 - loadIPPluginJar : add nvic
2024-01-04 07:23:50,759 [INFO] IPUIPlugin:80 - create IPUIPlugin
2024-01-04 07:23:50,759 [INFO] PluginManager:220 - loadIPPluginJar : add opamp
2024-01-04 07:23:50,765 [INFO] IPUIPlugin:80 - create IPUIPlugin
2024-01-04 07:23:50,765 [INFO] PluginManager:220 - loadIPPluginJar : add openamp
2024-01-04 07:23:50,770 [INFO] IPUIPlugin:80 - create IPUIPlugin
2024-01-04 07:23:50,771 [INFO] PluginManager:220 - loadIPPluginJar : add pdm2pcm
2024-01-04 07:23:50,783 [INFO] IPUIPlugin:80 - create IPUIPlugin
2024-01-04 07:23:50,786 [INFO] PluginManager:220 - loadIPPluginJar : add plateformsettings
2024-01-04 07:23:50,789 [INFO] IPUIPlugin:80 - create IPUIPlugin
2024-01-04 07:23:50,790 [INFO] PluginManager:220 - loadIPPluginJar : add quadspi
2024-01-04 07:23:50,796 [INFO] IPUIPlugin:80 - create IPUIPlugin
2024-01-04 07:23:50,796 [INFO] PluginManager:220 - loadIPPluginJar : add resmgrutility
2024-01-04 07:23:50,802 [INFO] IPUIPlugin:80 - create IPUIPlugin
2024-01-04 07:23:50,802 [INFO] PluginManager:220 - loadIPPluginJar : add sai
2024-01-04 07:23:50,806 [INFO] IPUIPlugin:80 - create IPUIPlugin
2024-01-04 07:23:50,807 [INFO] PluginManager:220 - loadIPPluginJar : add spi
2024-01-04 07:23:50,815 [INFO] IPUIPlugin:80 - create IPUIPlugin
2024-01-04 07:23:50,815 [INFO] PluginManager:220 - loadIPPluginJar : add stm32_wpan
2024-01-04 07:23:50,818 [INFO] IPUIPlugin:80 - create IPUIPlugin
2024-01-04 07:23:50,818 [INFO] PluginManager:220 - loadIPPluginJar : add tim
2024-01-04 07:23:50,823 [INFO] IPUIPlugin:80 - create IPUIPlugin
2024-01-04 07:23:50,823 [INFO] PluginManager:220 - loadIPPluginJar : add touchsensing
2024-01-04 07:23:50,826 [INFO] IPUIPlugin:80 - create IPUIPlugin
2024-01-04 07:23:50,826 [INFO] PluginManager:220 - loadIPPluginJar : add tracer_emb
2024-01-04 07:23:50,829 [INFO] IPUIPlugin:80 - create IPUIPlugin
2024-01-04 07:23:50,829 [INFO] PluginManager:220 - loadIPPluginJar : add ts
2024-01-04 07:23:50,832 [INFO] IPUIPlugin:80 - create IPUIPlugin
2024-01-04 07:23:50,832 [INFO] PluginManager:220 - loadIPPluginJar : add tsc
2024-01-04 07:23:50,835 [INFO] IPUIPlugin:80 - create IPUIPlugin
2024-01-04 07:23:50,835 [INFO] PluginManager:220 - loadIPPluginJar : add ucpd
2024-01-04 07:23:50,840 [INFO] IPUIPlugin:80 - create IPUIPlugin
2024-01-04 07:23:50,840 [INFO] PluginManager:220 - loadIPPluginJar : add usart
2024-01-04 07:23:50,844 [INFO] IPUIPlugin:80 - create IPUIPlugin
2024-01-04 07:23:50,844 [INFO] PluginManager:220 - loadIPPluginJar : add usbx
2024-01-04 07:23:51,004 [INFO] CADModel:165 - CPN selected for project level
2024-01-04 07:23:51,004 [INFO] CADModel:114 - Register for checkConnection events
2024-01-04 07:23:51,004 [FATAL] Updater:308 - Updater called before beeing initialized
2024-01-04 07:23:51,004 [ERROR] CADModel:125 - Updater not yet initialized, retry later 
2024-01-04 07:23:51,187 [INFO] CADModel:165 - CPN selected for project level
2024-01-04 07:23:51,187 [INFO] CADModel:114 - Register for checkConnection events
2024-01-04 07:23:51,188 [FATAL] Updater:308 - Updater called before beeing initialized
2024-01-04 07:23:51,188 [ERROR] CADModel:125 - Updater not yet initialized, retry later 
2024-01-04 07:23:51,191 [FATAL] Updater:308 - Updater called before beeing initialized
2024-01-04 07:23:51,342 [FATAL] Updater:308 - Updater called before beeing initialized
2024-01-04 07:23:51,346 [INFO] DbMcusAds:53 - JSON generation date=Thu Sep 30 03:55:09 CLST 2021 (1632984909247)
2024-01-04 07:23:51,346 [FATAL] Updater:308 - Updater called before beeing initialized
2024-01-04 07:23:51,404 [WARN] DetailPanel:346 - Failed to get advertising image, set to default
2024-01-04 07:23:51,519 [FATAL] Updater:308 - Updater called before beeing initialized
2024-01-04 07:23:51,521 [FATAL] Updater:308 - Updater called before beeing initialized
2024-01-04 07:23:51,521 [FATAL] Updater:308 - Updater called before beeing initialized
2024-01-04 07:23:51,521 [WARN] DetailPanel:346 - Failed to get advertising image, set to default
2024-01-04 07:23:51,522 [FATAL] Updater:308 - Updater called before beeing initialized
2024-01-04 07:23:51,586 [ERROR] Updater:1120 - MainUpdater not yet initialized. External WinMGr cannot be set.
2024-01-04 07:23:51,588 [INFO] Updater:1056 - Updater Version found : 6.10.0
2024-01-04 07:23:51,608 [INFO] ApplicationProperties:184 - Using Application install path: C:\ST\STM32CubeIDE_1.14.0\STM32CubeIDE\plugins\com.st.stm32cube.common.mx_6.10.0.202311202037
2024-01-04 07:23:52,731 [INFO] ThirdPartyUpdaterWithRetryManager:70 - Updater plugin not ready yet. [2/15]
2024-01-04 07:23:53,190 [ERROR] LogOutputStream:75 - [STDERR_REDIRECT] Jan 04, 2024 7:23:53 AM java.util.prefs.WindowsPreferences <init>
2024-01-04 07:23:53,192 [ERROR] LogOutputStream:75 - [STDERR_REDIRECT] WARNING: Could not open/create prefs root node Software\JavaSoft\Prefs at root 0xffffffff80000002. Windows RegCreateKeyEx(...) returned error code 5.
2024-01-04 07:23:53,193 [ERROR] LogOutputStream:75 - [STDERR_REDIRECT] 
2024-01-04 07:23:54,642 [INFO] MainUpdater:2873 - connection check result : 10
2024-01-04 07:23:54,643 [INFO] MainUpdater:290 - Updater Check For Update Now.
2024-01-04 07:23:54,643 [INFO] MicroXplorer:498 - Change Database Version : DB.6.0.100
2024-01-04 07:23:54,657 [INFO] McuFinderGlobals:63 - Set McuFinder mode to 2 (CubeIDE integrated)
2024-01-04 07:23:54,658 [INFO] UserAuth:180 - activating auth plugin
2024-01-04 07:23:54,660 [INFO] UserAuth:404 - Internet connection configuration mode: 1
2024-01-04 07:23:54,686 [INFO] JxBrowserEngine:152 - Initiate JxBrowser Engine with user profile folder
2024-01-04 07:23:54,859 [INFO] CheckServerUpdateThread:120 - End of CheckServer Thread
2024-01-04 07:23:56,029 [WARN] PackLoader:240 - Cannot read IP mode file for STMicroelectronics.X-CUBE-SMBUS.2.1.0
2024-01-04 07:23:56,058 [WARN] PackLoader:240 - Cannot read IP mode file for STMicroelectronics.X-CUBE-TOUCHGFX.4.23.0
2024-01-04 07:23:56,172 [WARN] PackLoader:240 - Cannot read IP mode file for STMicroelectronics.X-CUBE-AZRTOS-F7.1.1.0
2024-01-04 07:23:56,203 [WARN] PackLoader:240 - Cannot read IP mode file for STMicroelectronics.FP-SNS-MOTENV1.4.3.2
2024-01-04 07:23:56,217 [WARN] PackLoader:240 - Cannot read IP mode file for STMicroelectronics.FP-SNS-FLIGHT1.5.0.2
2024-01-04 07:23:56,230 [WARN] PackLoader:240 - Cannot read IP mode file for STMicroelectronics.X-CUBE-DISPLAY.3.0.0
2024-01-04 07:23:56,248 [WARN] PackLoader:240 - Cannot read IP mode file for STMicroelectronics.X-CUBE-BLE1.7.0.0
2024-01-04 07:23:56,256 [WARN] PackLoader:240 - Cannot read IP mode file for emotas.I-CUBE-CANOPEN.1.3.0
2024-01-04 07:23:56,263 [WARN] PackLoader:240 - Cannot read IP mode file for STMicroelectronics.FP-SNS-SMARTAG2.1.2.0
2024-01-04 07:23:56,285 [INFO] LogOutputStream:77 - [STDOUT_REDIRECT] 1 : Invalid condition id : UX_CORESTACK_Condition cause : null
2024-01-04 07:23:56,285 [INFO] LogOutputStream:77 - [STDOUT_REDIRECT] 1 : Invalid condition id : UX_CORESTACK_Condition cause : null
2024-01-04 07:23:56,287 [INFO] LogOutputStream:77 - [STDOUT_REDIRECT] 1 : Invalid condition id : UX_CORESTACK_Condition cause : null
2024-01-04 07:23:56,289 [INFO] LogOutputStream:77 - [STDOUT_REDIRECT] 1 : Invalid condition id : UX_CORESTACK_Condition cause : null
2024-01-04 07:23:56,291 [INFO] LogOutputStream:77 - [STDOUT_REDIRECT] 1 : Invalid condition id : UX_CORESTACK_Condition cause : null
2024-01-04 07:23:56,300 [WARN] PackLoader:240 - Cannot read IP mode file for STMicroelectronics.X-CUBE-AZRTOS-WL.2.0.0
2024-01-04 07:23:56,314 [WARN] PackLoader:240 - Cannot read IP mode file for WES.I-CUBE-Cesium.1.3.0
2024-01-04 07:23:56,322 [WARN] PackLoader:240 - Cannot read IP mode file for STMicroelectronics.X-CUBE-BLE2.3.3.0
2024-01-04 07:23:56,332 [WARN] PackLoader:240 - Cannot read IP mode file for STMicroelectronics.X-CUBE-ALGOBUILD.1.3.0
2024-01-04 07:23:56,369 [WARN] PackLoader:240 - Cannot read IP mode file for STMicroelectronics.X-CUBE-AZRTOS-G0.1.1.0
2024-01-04 07:23:56,424 [WARN] PackLoader:240 - Cannot read IP mode file for STMicroelectronics.X-CUBE-NFC4.3.0.0
2024-01-04 07:23:56,443 [WARN] PackLoader:240 - Cannot read IP mode file for STMicroelectronics.X-CUBE-BLEMGR.3.0.0
2024-01-04 07:23:56,453 [WARN] PackLoader:240 - Cannot read IP mode file for STMicroelectronics.FP-ATR-SIGFOX1.3.2.0
2024-01-04 07:23:56,503 [WARN] PackLoader:240 - Cannot read IP mode file for SEGGER.I-CUBE-embOS.1.3.1
2024-01-04 07:23:56,724 [WARN] PackLoader:240 - Cannot read IP mode file for STMicroelectronics.X-CUBE-GNSS1.6.0.0
2024-01-04 07:23:56,793 [WARN] PackLoader:240 - Cannot read IP mode file for STMicroelectronics.X-CUBE-AZRTOS-F4.1.1.0
2024-01-04 07:23:56,838 [WARN] PackLoader:240 - Cannot read IP mode file for wolfSSL.I-CUBE-wolfSSL.5.6.6
2024-01-04 07:23:56,888 [WARN] PackLoader:240 - Cannot read IP mode file for STMicroelectronics.X-CUBE-AZRTOS-L5.2.0.0
2024-01-04 07:23:57,156 [WARN] PackLoader:240 - Cannot read IP mode file for STMicroelectronics.X-CUBE-EEPRMA1.4.2.0
2024-01-04 07:23:57,171 [WARN] PackLoader:240 - Cannot read IP mode file for ITTIA_DB.I-CUBE-ITTIADB.8.8.0
2024-01-04 07:23:57,180 [WARN] PackLoader:240 - Cannot read IP mode file for STMicroelectronics.X-CUBE-NFC7.1.0.1
2024-01-04 07:23:57,192 [WARN] PackLoader:240 - Cannot read IP mode file for STMicroelectronics.X-CUBE-NFC6.3.0.0
2024-01-04 07:23:57,200 [WARN] PackLoader:240 - Cannot read IP mode file for STMicroelectronics.X-CUBE-AI.8.1.0
2024-01-04 07:23:57,265 [WARN] ConditionMgr:438 - getConditionDescription Invalid condition id : LAN8742 Phy interface Condition cause : null
2024-01-04 07:23:57,266 [WARN] PackLoader:240 - Cannot read IP mode file for STMicroelectronics.X-CUBE-AZRTOS-L4.2.0.0
2024-01-04 07:23:57,268 [WARN] ConditionMgr:1039 - genDependencies : Invalid condition id : LAN8742 Phy interface Condition cause : null
2024-01-04 07:23:57,269 [WARN] ConditionMgr:1039 - genDependencies : Invalid condition id : LAN8742 Phy interface Condition cause : null
2024-01-04 07:23:57,271 [WARN] ConditionMgr:1039 - genDependencies : Invalid condition id : LAN8742 Phy interface Condition cause : null
2024-01-04 07:23:57,284 [WARN] PackLoader:240 - Cannot read IP mode file for STMicroelectronics.X-CUBE-SFXS2LP1.4.0.0
2024-01-04 07:23:57,309 [WARN] ConditionMgr:438 - getConditionDescription Invalid condition id : UX DEVICE CLASS RTOS Condition cause : null
2024-01-04 07:23:57,309 [WARN] ConditionMgr:438 - getConditionDescription Invalid condition id : UX DEVICE CLASS RTOS Condition cause : null
2024-01-04 07:23:57,313 [WARN] PackLoader:240 - Cannot read IP mode file for STMicroelectronics.X-CUBE-AZRTOS-WB.2.0.0
2024-01-04 07:23:57,314 [WARN] ConditionMgr:1039 - genDependencies : Invalid condition id : UX DEVICE CLASS RTOS Condition cause : null
2024-01-04 07:23:57,314 [WARN] ConditionMgr:1039 - genDependencies : Invalid condition id : UX DEVICE CLASS RTOS Condition cause : null
2024-01-04 07:23:57,315 [WARN] ConditionMgr:1039 - genDependencies : Invalid condition id : UX DEVICE CLASS RTOS Condition cause : null
2024-01-04 07:23:57,315 [WARN] ConditionMgr:1039 - genDependencies : Invalid condition id : UX DEVICE CLASS RTOS Condition cause : null
2024-01-04 07:23:57,315 [WARN] ConditionMgr:1039 - genDependencies : Invalid condition id : UX DEVICE CLASS RTOS Condition cause : null
2024-01-04 07:23:57,322 [INFO] WebApp:161 - Instantiating new browser for Auth
2024-01-04 07:23:57,334 [WARN] PackLoader:240 - Cannot read IP mode file for STMicroelectronics.X-CUBE-SUBG2.5.0.0
2024-01-04 07:23:57,397 [WARN] PackLoader:240 - Cannot read IP mode file for STMicroelectronics.X-CUBE-AZRTOS-G4.2.0.0
2024-01-04 07:23:57,433 [WARN] PackLoader:240 - Cannot read IP mode file for Infineon.AIROC-Wi-Fi-Bluetooth-STM32.1.5.1
2024-01-04 07:23:57,444 [WARN] PackLoader:240 - Cannot read IP mode file for STMicroelectronics.FP-SNS-MOTENVWB1.1.3.1
2024-01-04 07:23:57,450 [WARN] PackLoader:240 - Cannot read IP mode file for STMicroelectronics.X-CUBE-ISPU.2.0.0
2024-01-04 07:23:57,542 [WARN] PackLoader:240 - Cannot read IP mode file for STMicroelectronics.X-CUBE-MEMS1.10.0.0
2024-01-04 07:23:57,787 [WARN] PackLoader:240 - Cannot read IP mode file for STMicroelectronics.X-CUBE-FREERTOS.1.1.0
2024-01-04 07:23:57,794 [WARN] PackLoader:240 - Cannot read IP mode file for portGmbH.I-Cube-SoM-uGOAL.1.1.0
2024-01-04 07:23:57,800 [WARN] PackLoader:240 - Cannot read IP mode file for STMicroelectronics.X-CUBE-ALS.1.0.1
2024-01-04 07:23:57,805 [WARN] PackLoader:240 - Cannot read IP mode file for STMicroelectronics.FP-ATR-ASTRA1.2.0.0
2024-01-04 07:23:57,819 [WARN] PackLoader:240 - Cannot read IP mode file for STMicroelectronics.X-CUBE-TOF1.3.4.0
2024-01-04 07:23:57,907 [WARN] PackLoader:240 - Cannot read IP mode file for STMicroelectronics.X-CUBE-AZRTOS-H7.3.2.0
2024-01-04 07:23:57,926 [INFO] ThirdParty:978 - Integrity check success = true
2024-01-04 07:23:57,928 [INFO] IntegrityCheckThread:100 - exiting critical section [integrity check]
2024-01-04 07:23:57,928 [INFO] IntegrityCheckThread:103 - End integrity checks thread
2024-01-04 07:23:59,266 [INFO] WebApp:780 - Register for checkConnection events
2024-01-04 07:23:59,267 [INFO] WebApp:414 - Apply proxy settings
2024-01-04 07:23:59,267 [INFO] WebApp:499 - Chromium requires no authentication
2024-01-04 07:23:59,281 [INFO] WebApp:442 - Direct internet connection detected
2024-01-04 07:23:59,584 [INFO] WebApp:192 - Starting web application
2024-01-04 07:23:59,585 [INFO] WebApp:544 - Web application path used C:\ST\STM32CubeIDE_1.14.0\STM32CubeIDE\plugins\com.st.stm32cube.common.mx_6.10.0.202311202037\db\plugins\mcufinder\reactClient1\index.html
2024-01-04 07:24:21,045 [ERROR] LogOutputStream:75 - [STDERR_REDIRECT] SLF4J: Failed to load class "org.slf4j.impl.StaticLoggerBinder".
2024-01-04 07:24:21,048 [ERROR] LogOutputStream:75 - [STDERR_REDIRECT] SLF4J: Defaulting to no-operation (NOP) logger implementation
2024-01-04 07:24:21,050 [ERROR] LogOutputStream:75 - [STDERR_REDIRECT] SLF4J: See http://www.slf4j.org/codes.html#StaticLoggerBinder for further details.
